Total: 102, Existing: 34, Remaining: 68
[Batch 1] Starting 5 jobs -> data/self_iteration/runs/b-003/batch_01_results.jsonl
[Batch 1] [1/5] 1208134...
[Batch 1] [1/5] 1208134 OK
[Batch 1] [2/5] 1208154...
[Batch 1] [2/5] 1208154 OK
[Batch 1] [3/5] 1208167...
[Batch 1] [3/5] 1208167 OK
[Batch 1] [4/5] 1208174...
[Batch 1] [4/5] 1208174 OK
[Batch 1] [5/5] 1208185...
[Batch 1] [5/5] 1208185 OK
[Batch 1] Done
[Batch 2] Starting 5 jobs -> data/self_iteration/runs/b-003/batch_02_results.jsonl
[Batch 2] [1/5] 1208194...
[Batch 2] [1/5] 1208194 OK
[Batch 2] [2/5] 1208204...
[Batch 2] [2/5] 1208204 OK
[Batch 2] [3/5] 1208215...
[Batch 2] [3/5] 1208215 OK
[Batch 2] [4/5] 1208376...
[Batch 2] [4/5] 1208376 OK
[Batch 2] [5/5] 1208383...
[Batch 2] [5/5] 1208383 OK
[Batch 2] Done
[Batch 3] Starting 5 jobs -> data/self_iteration/runs/b-003/batch_03_results.jsonl
[Batch 3] [1/5] 1208400...
[Batch 3] [1/5] 1208400 OK
[Batch 3] [2/5] 1298642...
[Batch 3] [2/5] 1298642 OK
[Batch 3] [3/5] 1309284...
[Batch 3] [3/5] 1309284 OK
[Batch 3] [4/5] 1379009...
[Batch 3] [4/5] 1379009 OK
[Batch 3] [5/5] 1379026...
[Batch 3] [5/5] 1379026 OK
[Batch 3] Done
[Batch 4] Starting 5 jobs -> data/self_iteration/runs/b-003/batch_04_results.jsonl
[Batch 4] [1/5] 1379029...
[Batch 4] [1/5] 1379029 OK
[Batch 4] [2/5] 1379042...
[Batch 4] [2/5] 1379042 OK
[Batch 4] [3/5] 1379049...
[Batch 4] [3/5] 1379049 OK
[Batch 4] [4/5] 1379060...
[Batch 4] [4/5] 1379060 OK
[Batch 4] [5/5] 1379076...
[Batch 4] [5/5] 1379076 OK
[Batch 4] Done
[Batch 5] Starting 5 jobs -> data/self_iteration/runs/b-003/batch_05_results.jsonl
[Batch 5] [1/5] 1379079...
[Batch 5] [1/5] 1379079 OK
[Batch 5] [2/5] 1379091...
[Batch 5] [2/5] 1379091 OK
[Batch 5] [3/5] 1379099...
[Batch 5] [3/5] 1379099 OK
[Batch 5] [4/5] 1379109...
[Batch 5] [4/5] 1379109 OK
[Batch 5] [5/5] 1379119...
[Batch 5] [5/5] 1379119 OK
[Batch 5] Done
[Batch 6] Starting 5 jobs -> data/self_iteration/runs/b-003/batch_06_results.jsonl
[Batch 6] [1/5] 1379132...
[Batch 6] [1/5] 1379132 OK
[Batch 6] [2/5] 1379139...
[Batch 6] [2/5] 1379139 OK
[Batch 6] [3/5] 1379149...
[Batch 6] [3/5] 1379149 OK
[Batch 6] [4/5] 1379160...
[Batch 6] [4/5] 1379160 OK
[Batch 6] [5/5] 1379169...
[Batch 6] [5/5] 1379169 OK
[Batch 6] Done
[Batch 7] Starting 5 jobs -> data/self_iteration/runs/b-003/batch_07_results.jsonl
[Batch 7] [1/5] 1379185...
[Batch 7] [1/5] 1379185 OK
[Batch 7] [2/5] 1379189...
[Batch 7] [2/5] 1379189 OK
[Batch 7] [3/5] 1379202...
[Batch 7] [3/5] 1379202 OK
[Batch 7] [4/5] 1379209...
[Batch 7] [4/5] 1379209 OK
[Batch 7] [5/5] 1379220...
[Batch 7] [5/5] 1379220 OK
[Batch 7] Done
[Batch 8] Starting 5 jobs -> data/self_iteration/runs/b-003/batch_08_results.jsonl
[Batch 8] [1/5] 1379278...
[Batch 8] [1/5] 1379278 OK
[Batch 8] [2/5] 1379237...
[Batch 8] [2/5] 1379237 OK
[Batch 8] [3/5] 1379239...
[Batch 8] [3/5] 1379239 OK
[Batch 8] [4/5] 1379251...
[Batch 8] [4/5] 1379251 OK
[Batch 8] [5/5] 1379259...
[Batch 8] [5/5] 1379259 OK
[Batch 8] Done
[Batch 9] Starting 5 jobs -> data/self_iteration/runs/b-003/batch_09_results.jsonl
[Batch 9] [1/5] 1379279...
[Batch 9] [1/5] 1379279 OK
[Batch 9] [2/5] 1379295...
[Batch 9] [2/5] 1379295 OK
[Batch 9] [3/5] 1379299...
[Batch 9] [3/5] 1379299 OK
[Batch 9] [4/5] 1379309...
[Batch 9] [4/5] 1379309 OK
[Batch 9] [5/5] 1379328...
[Batch 9] [5/5] 1379328 OK
[Batch 9] Done
[Batch 10] Starting 5 jobs -> data/self_iteration/runs/b-003/batch_10_results.jsonl
[Batch 10] [1/5] 1451021...
[Batch 10] [1/5] 1451021 OK
[Batch 10] [2/5] 1451052...
[Batch 10] [2/5] 1451052 OK
[Batch 10] [3/5] 1451061...
[Batch 10] [3/5] 1451061 OK
[Batch 10] [4/5] 1451075...
[Batch 10] [4/5] 1451075 OK
[Batch 10] [5/5] 1451107...
[Batch 10] [5/5] 1451107 OK
[Batch 10] Done
[Batch 11] Starting 5 jobs -> data/self_iteration/runs/b-003/batch_11_results.jsonl
[Batch 11] [1/5] 1451123...
[Batch 11] [1/5] 1451123 OK
[Batch 11] [2/5] 1451136...
[Batch 11] [2/5] 1451136 OK
[Batch 11] [3/5] 1451159...
[Batch 11] [3/5] 1451159 OK
[Batch 11] [4/5] 1528322...
[Batch 11] [4/5] 1528322 OK
[Batch 11] [5/5] 1528330...
[Batch 11] [5/5] 1528330 OK
[Batch 11] Done
[Batch 12] Starting 5 jobs -> data/self_iteration/runs/b-003/batch_12_results.jsonl
[Batch 12] [1/5] 1534570...
[Batch 12] [1/5] 1534570 ERROR: Expecting value: line 1 column 1 (char 0)
[Batch 12] [2/5] 1534571...
[Batch 12] [2/5] 1534571 OK
[Batch 12] [3/5] 1540842...
[Batch 12] [3/5] 1540842 OK
[Batch 12] [4/5] 1540843...
[Batch 12] [4/5] 1540843 ERROR: Expecting value: line 1 column 1 (char 0)
[Batch 12] [5/5] 1457283...
[Batch 12] [5/5] 1457283 OK
[Batch 12] Done
[Batch 13] Starting 5 jobs -> data/self_iteration/runs/b-003/batch_13_results.jsonl
[Batch 13] [1/5] 1479619...
[Batch 13] [1/5] 1479619 OK
[Batch 13] [2/5] 1498259...
[Batch 13] [2/5] 1498259 OK
[Batch 13] [3/5] 1498260...
[Batch 13] [3/5] 1498260 OK
[Batch 13] [4/5] 1518728...
[Batch 13] [4/5] 1518728 OK
[Batch 13] [5/5] 1490810...
[Batch 13] [5/5] 1490810 OK
[Batch 13] Done
[Batch 14] Starting 3 jobs -> data/self_iteration/runs/b-003/batch_14_results.jsonl
[Batch 14] [1/3] 1506251...
[Batch 14] [1/3] 1506251 OK
[Batch 14] [2/3] 1523412...
[Batch 14] [2/3] 1523412 OK
[Batch 14] [3/3] 1531572...
[Batch 14] [3/3] 1531572 OK
[Batch 14] Done
All batches complete
